<?xml version="1.0" encoding="UTF-8"?>
<testsuite xmlns:xsi="http://www.w3.org/2001/XMLSchema-instance" xsi:noNamespaceSchemaLocation="https://maven.apache.org/surefire/maven-surefire-plugin/xsd/surefire-test-report.xsd" name="TimeTest" time="0.001" tests="16" errors="0" skipped="0" failures="0">
  <properties>
[...]
</properties>
  <testcase name="testNegativeTimeInStringConstructor" classname="TimeTest" time="0"/>
  <testcase name="testMaximumTimeInDoubleConstructor" classname="TimeTest" time="0"/>
  <testcase name="testToValue" classname="TimeTest" time="0"/>
  <testcase name="testConstructorWithDoubleUnder60Minutes" classname="TimeTest" time="0"/>
  <testcase name="testPaddingInConvertMethod" classname="TimeTest" time="0"/>
  <testcase name="testConstructorWithValidString_MMSS" classname="TimeTest" time="0"/>
  <testcase name="testConstructorWithDoubleOver60Minutes" classname="TimeTest" time="0"/>
  <testcase name="testTimeExceedingLimitsInStringConstructor" classname="TimeTest" time="0"/>
  <testcase name="testConstructorWithInvalidStringFormat" classname="TimeTest" time="0"/>
  <testcase name="testRoundUpSeconds" classname="TimeTest" time="0"/>
  <testcase name="testConstructorWithValidString_HHMMSS" classname="TimeTest" time="0"/>
  <testcase name="testConstructorWithInvalidStringValues" classname="TimeTest" time="0"/>
  <testcase name="testZeroTime" classname="TimeTest" time="0"/>
  <testcase name="testNegativeTimeInDoubleConstructor" classname="TimeTest" time="0"/>
  <testcase name="testTimeEqualTo60InConvertMethod" classname="TimeTest" time="0"/>
  <testcase name="testExactHourInDoubleConstructor" classname="TimeTest" time="0"/>
</testsuite>